// 重构日志: b323a371
// 重构日志: 9608058e
// 重构日志: c7feed8b
// 重构日志: 9d7edcd3
// 重构日志: c170cef7
// 重构日志: c1622845
// 重构日志: 4d8e0a22
// 重构日志: 463c12c3
// 重构日志: fa19d2f9
// 重构日志: b5932de4
// 同步 ID: c11fd13b @ Thu Jun  4 05:15:22 UTC 2026
// 重构日志: 22e87a6a
// 同步 ID: f4761598 @ Fri Jun  5 00:29:19 UTC 2026
// 同步 ID: 8966b94c @ Fri Jun  5 10:34:13 UTC 2026
// 同步 ID: e902f7e7 @ Sat Jun  6 05:16:53 UTC 2026
// 重构日志: b0b15e72
// 重构日志: 40bc05b6
// 重构日志: f43dd378
// 同步 ID: d7190713 @ Sun Jun  7 00:08:37 UTC 2026
// 重构日志: 11c7af8f
// 同步 ID: fcae06cc @ Tue Jun  9 04:41:49 UTC 2026
// 重构日志: 37f55e9b
// 同步 ID: 6d0d76f0 @ Tue Jun  9 15:43:04 UTC 2026
// 重构日志: 914ae30a
// 重构日志: 2061df73
// 同步 ID: 66256d6a @ Fri Jun 12 09:11:36 UTC 2026
// 重构日志: 5d2045ff
// 重构日志: 71ddd69e
// 重构日志: 70149164
// 同步 ID: 1a612feb @ Sun Jun 14 06:12:25 UTC 2026
// 重构日志: 4feeaf8d
